<?xml version="1.0" encoding="UTF-8"?>
<testng-results skipped="0" failed="0" ignored="0" total="1" passed="1">
  <reporter-output>
  </reporter-output>
  <suite name="Default suite" duration-ms="28548" started-at="2018-12-08T11:11:05Z" finished-at="2018-12-08T11:11:34Z">
    <groups>
    </groups>
    <test name="Default test" duration-ms="28548" started-at="2018-12-08T11:11:05Z" finished-at="2018-12-08T11:11:34Z">
      <class name="com.inetbanking.testCases.TC_LoginPage_001">
        <test-method status="PASS" signature="Setup()[pri:0, instance:com.inetbanking.testCases.TC_LoginPage_001@4883b407]" name="Setup" is-config="true" duration-ms="10029" started-at="2018-12-08T11:11:06Z" finished-at="2018-12-08T11:11:16Z">
          <reporter-output>
          </reporter-output>
        </test-method> <!-- Setup -->
        <test-method status="PASS" signature="LoginTest()[pri:0, instance:com.inetbanking.testCases.TC_LoginPage_001@4883b407]" name="LoginTest" duration-ms="16974" started-at="2018-12-08T11:11:16Z" finished-at="2018-12-08T11:11:33Z">
          <reporter-output>
          </reporter-output>
        </test-method> <!-- LoginTest -->
        <test-method status="PASS" signature="tearDown()[pri:0, instance:com.inetbanking.testCases.TC_LoginPage_001@4883b407]" name="tearDown" is-config="true" duration-ms="1331" started-at="2018-12-08T11:11:33Z" finished-at="2018-12-08T11:11:34Z">
          <reporter-output>
          </reporter-output>
        </test-method> <!-- tearDown -->
      </class> <!-- com.inetbanking.testCases.TC_LoginPage_001 -->
    </test> <!-- Default test -->
  </suite> <!-- Default suite -->
</testng-results>
